Determining if the pthread_create exist failed with the following output:
Change Dir: /home/wenhou/eaif4_ws/build/CMakeFiles/CMakeTmp

Run Build Command:"/usr/bin/make" "cmTC_08397/fast"
/usr/bin/make -f CMakeFiles/cmTC_08397.dir/build.make CMakeFiles/cmTC_08397.dir/build
make[1]: Entering directory '/home/wenhou/eaif4_ws/build/CMakeFiles/CMakeTmp'
Building C object CMakeFiles/cmTC_08397.dir/CheckSymbolExists.c.o
/usr/bin/cc    -o CMakeFiles/cmTC_08397.dir/CheckSymbolExists.c.o   -c /home/wenhou/eaif4_ws/build/CMakeFiles/CMakeTmp/CheckSymbolExists.c
Linking C executable cmTC_08397
/home/wenhou/cmake-3.8.2-Linux-x86_64/bin/cmake -E cmake_link_script CMakeFiles/cmTC_08397.dir/link.txt --verbose=1
/usr/bin/cc      -rdynamic CMakeFiles/cmTC_08397.dir/CheckSymbolExists.c.o  -o cmTC_08397 
CMakeFiles/cmTC_08397.dir/CheckSymbolExists.c.o: In function `main':
CheckSymbolExists.c:(.text+0x16): undefined reference to `pthread_create'
collect2: error: ld returned 1 exit status
CMakeFiles/cmTC_08397.dir/build.make:97: recipe for target 'cmTC_08397' failed
make[1]: *** [cmTC_08397] Error 1
make[1]: Leaving directory '/home/wenhou/eaif4_ws/build/CMakeFiles/CMakeTmp'
Makefile:126: recipe for target 'cmTC_08397/fast' failed
make: *** [cmTC_08397/fast] Error 2

File /home/wenhou/eaif4_ws/build/CMakeFiles/CMakeTmp/CheckSymbolExists.c:
/* */
#include <pthread.h>

int main(int argc, char** argv)
{
  (void)argv;
#ifndef pthread_create
  return ((int*)(&pthread_create))[argc];
#else
  (void)argc;
  return 0;
#endif
}

Determining if the function pthread_create exists in the pthreads failed with the following output:
Change Dir: /home/wenhou/eaif4_ws/build/CMakeFiles/CMakeTmp

Run Build Command:"/usr/bin/make" "cmTC_87528/fast"
/usr/bin/make -f CMakeFiles/cmTC_87528.dir/build.make CMakeFiles/cmTC_87528.dir/build
make[1]: Entering directory '/home/wenhou/eaif4_ws/build/CMakeFiles/CMakeTmp'
Building C object CMakeFiles/cmTC_87528.dir/CheckFunctionExists.c.o
/usr/bin/cc   -DCHECK_FUNCTION_EXISTS=pthread_create   -o CMakeFiles/cmTC_87528.dir/CheckFunctionExists.c.o   -c /home/wenhou/cmake-3.8.2-Linux-x86_64/share/cmake-3.8/Modules/CheckFunctionExists.c
Linking C executable cmTC_87528
/home/wenhou/cmake-3.8.2-Linux-x86_64/bin/cmake -E cmake_link_script CMakeFiles/cmTC_87528.dir/link.txt --verbose=1
/usr/bin/cc  -DCHECK_FUNCTION_EXISTS=pthread_create    -rdynamic CMakeFiles/cmTC_87528.dir/CheckFunctionExists.c.o  -o cmTC_87528 -lpthreads 
/usr/bin/ld: cannot find -lpthreads
collect2: error: ld returned 1 exit status
CMakeFiles/cmTC_87528.dir/build.make:97: recipe for target 'cmTC_87528' failed
make[1]: *** [cmTC_87528] Error 1
make[1]: Leaving directory '/home/wenhou/eaif4_ws/build/CMakeFiles/CMakeTmp'
Makefile:126: recipe for target 'cmTC_87528/fast' failed
make: *** [cmTC_87528/fast] Error 2


Determining if the Q_WS_WIN exist failed with the following output:
Change Dir: /home/wenhou/eaif4_ws/build/CMakeFiles/CMakeTmp

Run Build Command:"/usr/bin/make" "cmTC_ddc48/fast"
/usr/bin/make -f CMakeFiles/cmTC_ddc48.dir/build.make CMakeFiles/cmTC_ddc48.dir/build
make[1]: Entering directory '/home/wenhou/eaif4_ws/build/CMakeFiles/CMakeTmp'
Building CXX object CMakeFiles/cmTC_ddc48.dir/CheckSymbolExists.cxx.o
/usr/bin/c++   -I/usr/include/qt4   -o CMakeFiles/cmTC_ddc48.dir/CheckSymbolExists.cxx.o -c /home/wenhou/eaif4_ws/build/CMakeFiles/CMakeTmp/CheckSymbolExists.cxx
/home/wenhou/eaif4_ws/build/CMakeFiles/CMakeTmp/CheckSymbolExists.cxx: In function ‘int main(int, char**)’:
/home/wenhou/eaif4_ws/build/CMakeFiles/CMakeTmp/CheckSymbolExists.cxx:8:19: error: ‘Q_WS_WIN’ was not declared in this scope
   return ((int*)(&Q_WS_WIN))[argc];
                   ^
CMakeFiles/cmTC_ddc48.dir/build.make:65: recipe for target 'CMakeFiles/cmTC_ddc48.dir/CheckSymbolExists.cxx.o' failed
make[1]: *** [CMakeFiles/cmTC_ddc48.dir/CheckSymbolExists.cxx.o] Error 1
make[1]: Leaving directory '/home/wenhou/eaif4_ws/build/CMakeFiles/CMakeTmp'
Makefile:126: recipe for target 'cmTC_ddc48/fast' failed
make: *** [cmTC_ddc48/fast] Error 2

File /home/wenhou/eaif4_ws/build/CMakeFiles/CMakeTmp/CheckSymbolExists.cxx:
/* */
#include <QtCore/qglobal.h>

int main(int argc, char** argv)
{
  (void)argv;
#ifndef Q_WS_WIN
  return ((int*)(&Q_WS_WIN))[argc];
#else
  (void)argc;
  return 0;
#endif
}

Determining if the Q_WS_QWS exist failed with the following output:
Change Dir: /home/wenhou/eaif4_ws/build/CMakeFiles/CMakeTmp

Run Build Command:"/usr/bin/make" "cmTC_226f0/fast"
/usr/bin/make -f CMakeFiles/cmTC_226f0.dir/build.make CMakeFiles/cmTC_226f0.dir/build
make[1]: Entering directory '/home/wenhou/eaif4_ws/build/CMakeFiles/CMakeTmp'
Building CXX object CMakeFiles/cmTC_226f0.dir/CheckSymbolExists.cxx.o
/usr/bin/c++   -I/usr/include/qt4   -o CMakeFiles/cmTC_226f0.dir/CheckSymbolExists.cxx.o -c /home/wenhou/eaif4_ws/build/CMakeFiles/CMakeTmp/CheckSymbolExists.cxx
/home/wenhou/eaif4_ws/build/CMakeFiles/CMakeTmp/CheckSymbolExists.cxx: In function ‘int main(int, char**)’:
/home/wenhou/eaif4_ws/build/CMakeFiles/CMakeTmp/CheckSymbolExists.cxx:8:19: error: ‘Q_WS_QWS’ was not declared in this scope
   return ((int*)(&Q_WS_QWS))[argc];
                   ^
CMakeFiles/cmTC_226f0.dir/build.make:65: recipe for target 'CMakeFiles/cmTC_226f0.dir/CheckSymbolExists.cxx.o' failed
make[1]: *** [CMakeFiles/cmTC_226f0.dir/CheckSymbolExists.cxx.o] Error 1
make[1]: Leaving directory '/home/wenhou/eaif4_ws/build/CMakeFiles/CMakeTmp'
Makefile:126: recipe for target 'cmTC_226f0/fast' failed
make: *** [cmTC_226f0/fast] Error 2

File /home/wenhou/eaif4_ws/build/CMakeFiles/CMakeTmp/CheckSymbolExists.cxx:
/* */
#include <QtCore/qglobal.h>

int main(int argc, char** argv)
{
  (void)argv;
#ifndef Q_WS_QWS
  return ((int*)(&Q_WS_QWS))[argc];
#else
  (void)argc;
  return 0;
#endif
}

Determining if the Q_WS_MAC exist failed with the following output:
Change Dir: /home/wenhou/eaif4_ws/build/CMakeFiles/CMakeTmp

Run Build Command:"/usr/bin/make" "cmTC_06dbd/fast"
/usr/bin/make -f CMakeFiles/cmTC_06dbd.dir/build.make CMakeFiles/cmTC_06dbd.dir/build
make[1]: Entering directory '/home/wenhou/eaif4_ws/build/CMakeFiles/CMakeTmp'
Building CXX object CMakeFiles/cmTC_06dbd.dir/CheckSymbolExists.cxx.o
/usr/bin/c++   -I/usr/include/qt4   -o CMakeFiles/cmTC_06dbd.dir/CheckSymbolExists.cxx.o -c /home/wenhou/eaif4_ws/build/CMakeFiles/CMakeTmp/CheckSymbolExists.cxx
/home/wenhou/eaif4_ws/build/CMakeFiles/CMakeTmp/CheckSymbolExists.cxx: In function ‘int main(int, char**)’:
/home/wenhou/eaif4_ws/build/CMakeFiles/CMakeTmp/CheckSymbolExists.cxx:8:19: error: ‘Q_WS_MAC’ was not declared in this scope
   return ((int*)(&Q_WS_MAC))[argc];
                   ^
CMakeFiles/cmTC_06dbd.dir/build.make:65: recipe for target 'CMakeFiles/cmTC_06dbd.dir/CheckSymbolExists.cxx.o' failed
make[1]: *** [CMakeFiles/cmTC_06dbd.dir/CheckSymbolExists.cxx.o] Error 1
make[1]: Leaving directory '/home/wenhou/eaif4_ws/build/CMakeFiles/CMakeTmp'
Makefile:126: recipe for target 'cmTC_06dbd/fast' failed
make: *** [cmTC_06dbd/fast] Error 2

File /home/wenhou/eaif4_ws/build/CMakeFiles/CMakeTmp/CheckSymbolExists.cxx:
/* */
#include <QtCore/qglobal.h>

int main(int argc, char** argv)
{
  (void)argv;
#ifndef Q_WS_MAC
  return ((int*)(&Q_WS_MAC))[argc];
#else
  (void)argc;
  return 0;
#endif
}

Determining if the include file pgm.h exists failed with the following output:
Change Dir: /home/wenhou/eaif4_ws/build/CMakeFiles/CMakeTmp

Run Build Command:"/usr/bin/make" "cmTC_a27f5/fast"
make[1]: Entering directory '/home/wenhou/eaif4_ws/build/CMakeFiles/CMakeTmp'
/usr/bin/make -f CMakeFiles/cmTC_a27f5.dir/build.make CMakeFiles/cmTC_a27f5.dir/build
make[2]: Entering directory '/home/wenhou/eaif4_ws/build/CMakeFiles/CMakeTmp'
Building CXX object CMakeFiles/cmTC_a27f5.dir/CheckIncludeFile.cxx.o
/usr/bin/c++     -o CMakeFiles/cmTC_a27f5.dir/CheckIncludeFile.cxx.o -c /home/wenhou/eaif4_ws/build/CMakeFiles/CMakeTmp/CheckIncludeFile.cxx
/home/wenhou/eaif4_ws/build/CMakeFiles/CMakeTmp/CheckIncludeFile.cxx:1:17: fatal error: pgm.h: No such file or directory
compilation terminated.
CMakeFiles/cmTC_a27f5.dir/build.make:65: recipe for target 'CMakeFiles/cmTC_a27f5.dir/CheckIncludeFile.cxx.o' failed
make[2]: *** [CMakeFiles/cmTC_a27f5.dir/CheckIncludeFile.cxx.o] Error 1
make[2]: Leaving directory '/home/wenhou/eaif4_ws/build/CMakeFiles/CMakeTmp'
Makefile:126: recipe for target 'cmTC_a27f5/fast' failed
make[1]: *** [cmTC_a27f5/fast] Error 2
make[1]: Leaving directory '/home/wenhou/eaif4_ws/build/CMakeFiles/CMakeTmp'


